[<init>@06:49:18 AM]: Selected output350317.log as default logging location.
[<init>@06:49:18 AM]: Mesa WebConnect Backend v.1 initializing...
[ParseConfigFile@06:49:18 AM]: Load complete! Parsing entries into master object...
[CheckForUpdate@06:49:18 AM]: Querying master server for update data...
[<init>@06:49:18 AM]: No update reported from the Master Server. Proceeding.
[CheckForArgument@06:49:18 AM]: Checking for nogui in args[].
[<init>@06:49:19 AM]: User Interface successfully initialized. Standby for Network Layer...
[<init>@06:49:19 AM]: Backend main program is initializing...
[<init>@06:49:19 AM]: Initializing DBManager...
[CheckFS@06:49:19 AM]: Checking FS...
[<init>@06:49:19 AM]: Database checks out okay. Continuing...
[run@06:49:19 AM]: Awaiting connections on Port 1337...
[run@06:49:39 AM]: Connection requested from /127.0.0.1:54349... Delegating thread.
[run@06:49:39 AM]: Using thread 0. Instantiating the thread.
[run@06:49:39 AM]: Awaiting connections on Port 1337...
[run@06:49:39 AM]: You've awoken Happy348 on port 1337.
[run@06:49:39 AM]: [Happy348] Authorizing /127.0.0.1:54349...
[ParseUser@06:49:39 AM]: Checking jaboulhosn against 1 users.
[run@06:49:39 AM]: Remote Client failed to propery verify themselves. Retrying query...
[run@06:49:39 AM]: Remote Client failed to identify themselves. This is not malicious, they simply failed to log in.
[run@06:49:55 AM]: Connection requested from /127.0.0.1:55133... Delegating thread.
[run@06:49:55 AM]: Using thread 0. Instantiating the thread.
[run@06:49:55 AM]: Awaiting connections on Port 1337...
[run@06:49:55 AM]: You've awoken Doc253 on port 1337.
[run@06:49:55 AM]: [Doc253] Authorizing /127.0.0.1:55133...
[ParseUser@06:49:55 AM]: Checking jaboulhosn against 1 users.
[run@06:49:55 AM]: Remote Client (jaboulhosn) has verified their identity. Welcome, jaboulhosn.
[run@06:50:23 AM]: Forcing premature termination of the thread.
[run@06:57:32 AM]: Connection requested from /127.0.0.1:60939... Delegating thread.
[run@06:57:32 AM]: Using thread 0. Instantiating the thread.
[run@06:57:32 AM]: Awaiting connections on Port 1337...
[run@06:57:32 AM]: You've awoken Happy248 on port 1337.
[run@06:57:32 AM]: [Happy248] Authorizing /127.0.0.1:60939...
[ParseUser@06:57:32 AM]: Checking jaboulhosn against 1 users.
[run@06:57:32 AM]: Remote Client (jaboulhosn) has verified their identity. Welcome, jaboulhosn.
[run@07:00:57 AM]: Connection requested from /127.0.0.1:54536... Delegating thread.
[run@07:00:57 AM]: Using thread 1. Instantiating the thread.
[run@07:00:57 AM]: Awaiting connections on Port 1337...
[run@07:00:57 AM]: You've awoken Happy452 on port 1337.
[run@07:00:57 AM]: [Happy452] Authorizing /127.0.0.1:54536...
[ParseUser@07:00:57 AM]: Checking jaboulhosn against 1 users.
[run@07:00:57 AM]: Remote Client (jaboulhosn) has verified their identity. Welcome, jaboulhosn.
[run@07:01:45 AM]: Forcing premature termination of the thread.
[run@07:01:47 AM]: Forcing premature termination of the thread.
