[<init>@02:18:48 PM]: Selected output567445.log as default logging location.
[<init>@02:18:48 PM]: Mesa WebConnect Backend v.1 initializing...
[ParseConfigFile@02:18:48 PM]: Load complete! Parsing entries into master object...
[CheckForUpdate@02:18:48 PM]: Querying master server for update data...
[<init>@02:18:48 PM]: No update reported from the Master Server. Proceeding.
[CheckForArgument@02:18:48 PM]: Checking for nogui in args[].
[<init>@02:18:49 PM]: User Interface successfully initialized. Standby for Network Layer...
[<init>@02:18:49 PM]: Backend main program is initializing...
[<init>@02:18:49 PM]: Initializing DBManager...
[CheckFS@02:18:49 PM]: Checking FS...
[<init>@02:18:49 PM]: Database checks out okay. Continuing...
[GeneratePayload@02:18:49 PM]: Reticulating curriculum structure...
[GeneratePayload@02:18:49 PM]: LESSON: Lesson 1
[GeneratePayload@02:18:49 PM]: 	 1 pages
[GeneratePayload@02:18:49 PM]: 	 0 users
[GeneratePayload@02:18:49 PM]: QUIZ: Quiz 1
[GeneratePayload@02:18:49 PM]: 	 1 questions
[GeneratePayload@02:18:49 PM]: 	 0 users
[GeneratePayload@02:18:49 PM]: Curriculum reticulation complete, payload is live.
[run@02:18:49 PM]: Awaiting connections on Port 1337...
