[<init>@07:02:09 AM]: Selected output412857.log as default logging location.
[<init>@07:02:09 AM]: Mesa WebConnect Backend v.1 initializing...
[ParseConfigFile@07:02:09 AM]: Load complete! Parsing entries into master object...
[CheckForUpdate@07:02:09 AM]: Querying master server for update data...
[<init>@07:02:09 AM]: No update reported from the Master Server. Proceeding.
[CheckForArgument@07:02:09 AM]: Checking for nogui in args[].
[<init>@07:02:10 AM]: User Interface successfully initialized. Standby for Network Layer...
[<init>@07:02:10 AM]: Backend main program is initializing...
[<init>@07:02:10 AM]: Initializing DBManager...
[CheckFS@07:02:10 AM]: Checking FS...
[<init>@07:02:10 AM]: Database checks out okay. Continuing...
[run@07:02:10 AM]: Awaiting connections on Port 1337...
[run@07:02:17 AM]: Connection requested from /127.0.0.1:58398... Delegating thread.
[run@07:02:17 AM]: Using thread 0. Instantiating the thread.
[run@07:02:17 AM]: Awaiting connections on Port 1337...
[run@07:02:17 AM]: You've awoken Dopey620 on port 1337.
[run@07:02:17 AM]: [Dopey620] Authorizing /127.0.0.1:58398...
[ParseUser@07:02:17 AM]: Checking jaboulhosn against 1 users.
[run@07:02:17 AM]: Remote Client (jaboulhosn) has verified their identity. Welcome, jaboulhosn.
[run@07:02:22 AM]: Forcing premature termination of the thread.
[run@07:03:34 AM]: Connection requested from /127.0.0.1:62107... Delegating thread.
[run@07:03:34 AM]: Using thread 0. Instantiating the thread.
[run@07:03:34 AM]: Awaiting connections on Port 1337...
[run@07:03:34 AM]: You've awoken Happy726 on port 1337.
[run@07:03:34 AM]: [Happy726] Authorizing /127.0.0.1:62107...
[ParseUser@07:03:34 AM]: Checking jaboulhosn against 1 users.
[run@07:03:34 AM]: Remote Client (jaboulhosn) has verified their identity. Welcome, jaboulhosn.
[run@07:03:47 AM]: Forcing premature termination of the thread.
[run@07:04:33 AM]: Connection requested from /127.0.0.1:65004... Delegating thread.
[run@07:04:33 AM]: Using thread 0. Instantiating the thread.
[run@07:04:33 AM]: Awaiting connections on Port 1337...
[run@07:04:33 AM]: You've awoken Sleepy664 on port 1337.
[run@07:04:33 AM]: [Sleepy664] Authorizing /127.0.0.1:65004...
[ParseUser@07:04:33 AM]: Checking jaboulhosn against 1 users.
[run@07:04:33 AM]: Remote Client (jaboulhosn) has verified their identity. Welcome, jaboulhosn.
[run@07:04:51 AM]: Forcing premature termination of the thread.
