[<init>@02:21:04 PM]: Selected output503391.log as default logging location.
[<init>@02:21:04 PM]: Mesa WebConnect Backend v.1 initializing...
[ParseConfigFile@02:21:04 PM]: Load complete! Parsing entries into master object...
[CheckForUpdate@02:21:04 PM]: Querying master server for update data...
[<init>@02:21:04 PM]: No update reported from the Master Server. Proceeding.
[CheckForArgument@02:21:04 PM]: Checking for nogui in args[].
[<init>@02:21:05 PM]: User Interface successfully initialized. Standby for Network Layer...
[<init>@02:21:05 PM]: Backend main program is initializing...
[<init>@02:21:05 PM]: Initializing DBManager...
[CheckFS@02:21:05 PM]: Checking FS...
[<init>@02:21:05 PM]: Database checks out okay. Continuing...
[GeneratePayload@02:21:05 PM]: Reticulating curriculum structure...
[GeneratePayload@02:21:05 PM]: LESSON: Lesson 1
[GeneratePayload@02:21:05 PM]: 	 1 sections
[GeneratePayload@02:21:05 PM]: 	 2 pages
[GeneratePayload@02:21:05 PM]: 	 0 users passed
[GeneratePayload@02:21:05 PM]: QUIZ: Quiz 1
[GeneratePayload@02:21:05 PM]: 	 1 questions
[GeneratePayload@02:21:05 PM]: 	 0 users passed
[GeneratePayload@02:21:05 PM]: Curriculum reticulation complete, payload is live.
[run@02:21:05 PM]: Awaiting connections on Port 1337...
